<?xml version="1.0" encoding="UTF-8"?>
<!-- Generated by org.testng.reporters.JUnitReportReporter -->
<testsuite skipped="0" hostname="LAPTOP-I1CR1POI" name="Tranning.mavenproject.NewTest" tests="7" failures="0" timestamp="2019-12-11T20:34:00 EST" time="53.511" errors="0">
  <testcase name="fp" time="3.712" classname="Tranning.mavenproject.NewTest"/>
  <testcase name="f" time="14.473" classname="Tranning.mavenproject.NewTest"/>
  <testcase name="f" time="12.781" classname="Tranning.mavenproject.NewTest"/>
  <testcase name="f" time="14.892" classname="Tranning.mavenproject.NewTest"/>
  <testcase name="fp" time="3.700" classname="Tranning.mavenproject.NewTest"/>
  <testcase name="fp" time="3.636" classname="Tranning.mavenproject.NewTest"/>
  <testcase name="fd" time="0.317" classname="Tranning.mavenproject.NewTest"/>
</testsuite> <!-- Tranning.mavenproject.NewTest -->
