<?xml version="1.0" encoding="UTF-8"?>
<!-- Generated by org.testng.reporters.JUnitReportReporter -->
<testsuite skipped="0" hostname="LAPTOP-I1CR1POI" name="Tranning.mavenproject.SaleforcePage" tests="1" failures="0" timestamp="2019-12-05T20:41:19 EST" time="0.001" errors="0">
  <testcase name="f" time="0.001" classname="Tranning.mavenproject.SaleforcePage"/>
</testsuite> <!-- Tranning.mavenproject.SaleforcePage -->
